<?xml version='1.0' encoding='UTF-8'?>
<testsuite hostname="alexiLVM" name="com.shekhargulati.sentiment_analyzer.SentimentAnalyzerSpec" tests="5" errors="0" failures="1" time="4.022">
                     <properties>
[...]
</properties>
                     <testcase classname="com.shekhargulati.sentiment_analyzer.SentimentAnalyzerSpec" name="sentiment analyzer should return POSITIVE when input has positive emotion" time="1.509">
                                                 
                                               </testcase><testcase classname="com.shekhargulati.sentiment_analyzer.SentimentAnalyzerSpec" name="sentiment analyzer should return NEGATIVE when input has negative emotion" time="0.263">
                                                 
                                               </testcase><testcase classname="com.shekhargulati.sentiment_analyzer.SentimentAnalyzerSpec" name="sentiment analyzer should return NEUTRAL when input has no emotion" time="0.084">
                                                 
                                               </testcase><testcase classname="com.shekhargulati.sentiment_analyzer.SentimentAnalyzerSpec" name="sentiment analyzer COTA supplied texts should return NEUTRAL when input has mixed emotion" time="0.934">
                                                 
                                               </testcase><testcase classname="com.shekhargulati.sentiment_analyzer.SentimentAnalyzerSpec" name="sentiment analyzer COTA supplied texts should return POSITIVE affect" time="1.232">
                                                 <failure message="List((Hua Min liked playing tennis.,POSITIVE), (She first started playing on her 8th birthday - 07/07/1996.,NEUTRAL), (Playing tennis always made her happy.,POSITIVE), (She won her first tournament on 08/12/2010.,POSITIVE), (However, on 04/15/2015 when she was playing at the Flushing Meadows, she had a serious injury and had to retire from her tennis career.,NEUTRAL)) was not equal to POSITIVE" type="org.scalatest.exceptions.TestFailedException">org.scalatest.exceptions.TestFailedException: List((Hua Min liked playing tennis.,POSITIVE), (She first started playing on her 8th birthday - 07/07/1996.,NEUTRAL), (Playing tennis always made her happy.,POSITIVE), (She won her first tournament on 08/12/2010.,POSITIVE), (However, on 04/15/2015 when she was playing at the Flushing Meadows, she had a serious injury and had to retire from her tennis career.,NEUTRAL)) was not equal to POSITIVE
	at org.scalatest.MatchersHelper$.newTestFailedException(MatchersHelper.scala:160)
	at org.scalatest.Matchers$ShouldMethodHelper$.shouldMatcher(Matchers.scala:6254)
	at org.scalatest.Matchers$AnyShouldWrapper.should(Matchers.scala:6288)
	at com.shekhargulati.sentiment_analyzer.SentimentAnalyzerSpec$$anonfun$1$$anonfun$apply$mcV$sp$4$$anonfun$apply$mcV$sp$6.apply$mcV$sp(SentimentAnalyzerSpec.scala:40)
	at com.shekhargulati.sentiment_analyzer.SentimentAnalyzerSpec$$anonfun$1$$anonfun$apply$mcV$sp$4$$anonfun$apply$mcV$sp$6.apply(SentimentAnalyzerSpec.scala:37)
	at com.shekhargulati.sentiment_analyzer.SentimentAnalyzerSpec$$anonfun$1$$anonfun$apply$mcV$sp$4$$anonfun$apply$mcV$sp$6.apply(SentimentAnalyzerSpec.scala:37)
	at org.scalatest.Transformer$$anonfun$apply$1.apply$mcV$sp(Transformer.scala:22)
	at org.scalatest.OutcomeOf$class.outcomeOf(OutcomeOf.scala:85)
	at org.scalatest.OutcomeOf$.outcomeOf(OutcomeOf.scala:104)
	at org.scalatest.Transformer.apply(Transformer.scala:22)
	at org.scalatest.Transformer.apply(Transformer.scala:20)
	at org.scalatest.FunSpecLike$$anon$1.apply(FunSpecLike.scala:422)
	at org.scalatest.Suite$class.withFixture(Suite.scala:1122)
	at org.scalatest.FunSpec.withFixture(FunSpec.scala:1626)
	at org.scalatest.FunSpecLike$class.invokeWithFixture$1(FunSpecLike.scala:419)
	at org.scalatest.FunSpecLike$$anonfun$runTest$1.apply(FunSpecLike.scala:431)
	at org.scalatest.FunSpecLike$$anonfun$runTest$1.apply(FunSpecLike.scala:431)
	at org.scalatest.SuperEngine.runTestImpl(Engine.scala:306)
	at org.scalatest.FunSpecLike$class.runTest(FunSpecLike.scala:431)
	at org.scalatest.FunSpec.runTest(FunSpec.scala:1626)
	at org.scalatest.FunSpecLike$$anonfun$runTests$1.apply(FunSpecLike.scala:464)
	at org.scalatest.FunSpecLike$$anonfun$runTests$1.apply(FunSpecLike.scala:464)
	at org.scalatest.SuperEngine$$anonfun$traverseSubNodes$1$1.apply(Engine.scala:413)
	at org.scalatest.SuperEngine$$anonfun$traverseSubNodes$1$1.apply(Engine.scala:401)
	at scala.collection.immutable.List.foreach(List.scala:381)
	at org.scalatest.SuperEngine.traverseSubNodes$1(Engine.scala:401)
	at org.scalatest.SuperEngine.org$scalatest$SuperEngine$$runTestsInBranch(Engine.scala:390)
	at org.scalatest.SuperEngine$$anonfun$traverseSubNodes$1$1.apply(Engine.scala:427)
	at org.scalatest.SuperEngine$$anonfun$traverseSubNodes$1$1.apply(Engine.scala:401)
	at scala.collection.immutable.List.foreach(List.scala:381)
	at org.scalatest.SuperEngine.traverseSubNodes$1(Engine.scala:401)
	at org.scalatest.SuperEngine.org$scalatest$SuperEngine$$runTestsInBranch(Engine.scala:390)
	at org.scalatest.SuperEngine$$anonfun$traverseSubNodes$1$1.apply(Engine.scala:427)
	at org.scalatest.SuperEngine$$anonfun$traverseSubNodes$1$1.apply(Engine.scala:401)
	at scala.collection.immutable.List.foreach(List.scala:381)
	at org.scalatest.SuperEngine.traverseSubNodes$1(Engine.scala:401)
	at org.scalatest.SuperEngine.org$scalatest$SuperEngine$$runTestsInBranch(Engine.scala:396)
	at org.scalatest.SuperEngine.runTestsImpl(Engine.scala:483)
	at org.scalatest.FunSpecLike$class.runTests(FunSpecLike.scala:464)
	at org.scalatest.FunSpec.runTests(FunSpec.scala:1626)
	at org.scalatest.Suite$class.run(Suite.scala:1424)
	at org.scalatest.FunSpec.org$scalatest$FunSpecLike$$super$run(FunSpec.scala:1626)
	at org.scalatest.FunSpecLike$$anonfun$run$1.apply(FunSpecLike.scala:468)
	at org.scalatest.FunSpecLike$$anonfun$run$1.apply(FunSpecLike.scala:468)
	at org.scalatest.SuperEngine.runImpl(Engine.scala:545)
	at org.scalatest.FunSpecLike$class.run(FunSpecLike.scala:468)
	at org.scalatest.FunSpec.run(FunSpec.scala:1626)
	at org.scalatest.tools.Framework.org$scalatest$tools$Framework$$runSuite(Framework.scala:357)
	at org.scalatest.tools.Framework$ScalaTestTask.execute(Framework.scala:502)
	at sbt.TestRunner.runTest$1(TestFramework.scala:76)
	at sbt.TestRunner.run(TestFramework.scala:85)
	at sbt.TestFramework$$anon$2$$anonfun$$init$$1$$anonfun$apply$8.apply(TestFramework.scala:202)
	at sbt.TestFramework$$anon$2$$anonfun$$init$$1$$anonfun$apply$8.apply(TestFramework.scala:202)
	at sbt.TestFramework$.sbt$TestFramework$$withContextLoader(TestFramework.scala:185)
	at sbt.TestFramework$$anon$2$$anonfun$$init$$1.apply(TestFramework.scala:202)
	at sbt.TestFramework$$anon$2$$anonfun$$init$$1.apply(TestFramework.scala:202)
	at sbt.TestFunction.apply(TestFramework.scala:207)
	at sbt.Tests$$anonfun$9.apply(Tests.scala:216)
	at sbt.Tests$$anonfun$9.apply(Tests.scala:216)
	at sbt.std.Transform$$anon$3$$anonfun$apply$2.apply(System.scala:44)
	at sbt.std.Transform$$anon$3$$anonfun$apply$2.apply(System.scala:44)
	at sbt.std.Transform$$anon$4.work(System.scala:63)
	at sbt.Execute$$anonfun$submit$1$$anonfun$apply$1.apply(Execute.scala:228)
	at sbt.Execute$$anonfun$submit$1$$anonfun$apply$1.apply(Execute.scala:228)
	at sbt.ErrorHandling$.wideConvert(ErrorHandling.scala:17)
	at sbt.Execute.work(Execute.scala:237)
	at sbt.Execute$$anonfun$submit$1.apply(Execute.scala:228)
	at sbt.Execute$$anonfun$submit$1.apply(Execute.scala:228)
	at sbt.ConcurrentRestrictions$$anon$4$$anonfun$1.apply(ConcurrentRestrictions.scala:159)
	at sbt.CompletionService$$anon$2.call(CompletionService.scala:28)
	at java.util.concurrent.FutureTask.run(FutureTask.java:266)
	at java.util.concurrent.Executors$RunnableAdapter.call(Executors.java:511)
	at java.util.concurrent.FutureTask.run(FutureTask.java:266)
	at java.util.concurrent.ThreadPoolExecutor.runWorker(ThreadPoolExecutor.java:1142)
	at java.util.concurrent.ThreadPoolExecutor$Worker.run(ThreadPoolExecutor.java:617)
	at java.lang.Thread.run(Thread.java:745)
</failure>
                                               </testcase>
                     <system-out></system-out>
                     <system-err></system-err>
                   </testsuite>