[0m[[0mdebug[0m] [0mRunning TaskDef(com.shekhargulati.sentiment_analyzer.SentimentAnalyzerSpec, org.scalatest.tools.Framework$$anon$1@2aad1dad, false, [SuiteSelector])[0m
[0m[[0mdebug[0m] [0mRunning TaskDef(GenderAnalyzerSpec, org.scalatest.tools.Framework$$anon$1@2aad1dad, false, [SuiteSelector])[0m
[0m[[0minfo[0m] [0m[36mRun completed in 4 seconds, 409 milliseconds.[0m[0m
[0m[[0minfo[0m] [0m[36mTotal number of tests run: 11[0m[0m
[0m[[0minfo[0m] [0m[36mSuites: completed 2, aborted 0[0m[0m
[0m[[0minfo[0m] [0m[36mTests: succeeded 10, failed 1, canceled 0, ignored 0, pending 0[0m[0m
[0m[[0minfo[0m] [0m[31m*** 1 TEST FAILED ***[0m[0m
[0m[[0mdebug[0m] [0mPassed tests:[0m
[0m[[0mdebug[0m] [0m	GenderAnalyzerSpec[0m
[0m[[31merror[0m] [0mFailed tests:[0m
[0m[[31merror[0m] [0m	com.shekhargulati.sentiment_analyzer.SentimentAnalyzerSpec[0m
[0m[[31merror[0m] [0m(test:[31mtest[0m) sbt.TestsFailedException: Tests unsuccessful[0m
